<?xml version="1.0" encoding="UTF-8"?>
<testsuite xmlns:xsi="http://www.w3.org/2001/XMLSchema-instance" xsi:noNamespaceSchemaLocation="https://maven.apache.org/surefire/maven-surefire-plugin/xsd/surefire-test-report-3.0.xsd" version="3.0" name="org.demo.baoleme.BaolemeApplicationTests" time="1.373" tests="1" errors="0" skipped="0" failures="0">
  <properties>
[...]
</properties>
  <testcase name="contextLoads" classname="org.demo.baoleme.BaolemeApplicationTests" time="0.369">
    <system-out><![CDATA[16:35:11.635 [main] INFO org.springframework.test.context.support.AnnotationConfigContextLoaderUtils -- Could not detect default configuration classes for test class [org.demo.baoleme.BaolemeApplicationTests]: BaolemeApplicationTests does not declare any static, non-private, non-final, nested classes annotated with @Configuration.
16:35:11.673 [main] INFO org.springframework.boot.test.context.SpringBootTestContextBootstrapper -- Found @SpringBootConfiguration org.demo.baoleme.BaolemeApplication for test class org.demo.baoleme.BaolemeApplicationTests

  .   ____          _            __ _ _
 /\\ / ___'_ __ _ _(_)_ __  __ _ \ \ \ \
( ( )\___ | '_ | '_| | '_ \/ _` | \ \ \ \
 \\/  ___)| |_)| | | | | || (_| |  ) ) ) )
  '  |____| .__|_| |_|_| |_\__, | / / / /
 =========|_|==============|___/=/_/_/_/
 :: Spring Boot ::                (v3.1.5)

2025-05-15T16:35:11.829+08:00  INFO 11913 --- [           main] o.demo.baoleme.BaolemeApplicationTests   : Starting BaolemeApplicationTests using Java 17.0.14 with PID 11913 (started by mawenban in /Users/mawenban/Desktop/Yuan/GitHub-res/Baoleme/Baoleme)
2025-05-15T16:35:11.829+08:00  INFO 11913 --- [           main] o.demo.baoleme.BaolemeApplicationTests   : No active profile set, falling back to 1 default profile: "default"
 _ _   |_  _ _|_. ___ _ |    _ 
| | |\/|_)(_| | |_\  |_)||_|_\ 
     /               |         
                        3.5.3.1 
2025-05-15T16:35:12.472+08:00  WARN 11913 --- [           main] .s.s.UserDetailsServiceAutoConfiguration : 

Using generated security password: a74b4020-f803-4260-b973-198618a9955a

This generated password is for development use only. Your security configuration must be updated before running your application in production.

2025-05-15T16:35:12.530+08:00  INFO 11913 --- [           main] o.s.s.web.DefaultSecurityFilterChain     : Will secure any request with [org.springframework.security.web.session.DisableEncodeUrlFilter@57cabdc3, org.springframework.security.web.context.request.async.WebAsyncManagerIntegrationFilter@75bd28d, org.springframework.security.web.context.SecurityContextHolderFilter@78b03788, org.springframework.security.web.header.HeaderWriterFilter@120aa40b, org.springframework.security.web.csrf.CsrfFilter@39d77de9, org.springframework.security.web.authentication.logout.LogoutFilter@74a820bf, org.springframework.security.web.authentication.UsernamePasswordAuthenticationFilter@58a3d521, org.springframework.security.web.authentication.ui.DefaultLoginPageGeneratingFilter@7b6141f0, org.springframework.security.web.authentication.ui.DefaultLogoutPageGeneratingFilter@129c4d19, org.springframework.security.web.authentication.www.BasicAuthenticationFilter@79252c83, org.springframework.security.web.savedrequest.RequestCacheAwareFilter@571a663c, org.springframework.security.web.servletapi.SecurityContextHolderAwareRequestFilter@175c5c3a, org.springframework.security.web.authentication.AnonymousAuthenticationFilter@11810917, org.springframework.security.web.access.ExceptionTranslationFilter@236c098, org.springframework.security.web.access.intercept.AuthorizationFilter@4f5f474c]
2025-05-15T16:35:12.550+08:00  INFO 11913 --- [           main] o.demo.baoleme.BaolemeApplicationTests   : Started BaolemeApplicationTests in 0.827 seconds (process running for 1.239)
]]></system-out>
  </testcase>
</testsuite>